<?xml version="1.0" encoding="UTF-8"?>
<testng-results ignored="0" total="1" passed="0" failed="1" skipped="0">
  <reporter-output>
  </reporter-output>
  <suite started-at="2025-09-19T10:54:24 IST" name="Default suite" finished-at="2025-09-19T10:54:24 IST" duration-ms="104">
    <groups>
    </groups>
    <test started-at="2025-09-19T10:54:24 IST" name="Default test" finished-at="2025-09-19T10:54:24 IST" duration-ms="104">
      <class name="Demo.Demo1">
        <test-method signature="simpleTest(int,int)[pri:0, instance:Demo.Demo1@4c371370]" started-at="2025-09-19T10:54:24 IST" name="simpleTest" data-provider="getData" finished-at="2025-09-19T10:54:24 IST" duration-ms="52" status="FAIL">
          <exception class="java.lang.ClassCastException">
            <message>
              <![CDATA[class [I cannot be cast to class [Ljava.lang.Object; ([I and [Ljava.lang.Object; are in module java.base of loader 'bootstrap')]]>
            </message>
            <full-stacktrace>
              <![CDATA[java.lang.ClassCastException: class [I cannot be cast to class [Ljava.lang.Object; ([I and [Ljava.lang.Object; are in module java.base of loader 'bootstrap')
at org.testng.internal.reflect.MethodMatcherException.stringify(MethodMatcherException.java:90)
at org.testng.internal.reflect.MethodMatcherException.generateMessage(MethodMatcherException.java:73)
at org.testng.internal.reflect.MethodMatcherException.generateMessage(MethodMatcherException.java:51)
at org.testng.internal.reflect.MethodMatcherException.<init>(MethodMatcherException.java:17)
at org.testng.internal.reflect.DataProviderMethodMatcher.getConformingArguments(DataProviderMethodMatcher.java:46)
at org.testng.internal.Parameters.injectParameters(Parameters.java:918)
at org.testng.internal.invokers.MethodRunner.runInSequence(MethodRunner.java:50)
at org.testng.internal.invokers.TestInvoker$MethodInvocationAgent.invoke(TestInvoker.java:961)
at org.testng.internal.invokers.TestInvoker.invokeTestMethods(TestInvoker.java:201)
at org.testng.internal.invokers.TestMethodWorker.invokeTestMethods(TestMethodWorker.java:148)
at org.testng.internal.invokers.TestMethodWorker.run(TestMethodWorker.java:128)
at java.base/java.util.ArrayList.forEach(ArrayList.java:1596)
at org.testng.TestRunner.privateRun(TestRunner.java:819)
at org.testng.TestRunner.run(TestRunner.java:619)
at org.testng.SuiteRunner.runTest(SuiteRunner.java:443)
at org.testng.SuiteRunner.runSequentially(SuiteRunner.java:437)
at org.testng.SuiteRunner.privateRun(SuiteRunner.java:397)
at org.testng.SuiteRunner.run(SuiteRunner.java:336)
at org.testng.SuiteRunnerWorker.runSuite(SuiteRunnerWorker.java:52)
at org.testng.SuiteRunnerWorker.run(SuiteRunnerWorker.java:95)
at org.testng.TestNG.runSuitesSequentially(TestNG.java:1301)
at org.testng.TestNG.runSuitesLocally(TestNG.java:1228)
at org.testng.TestNG.runSuites(TestNG.java:1134)
at org.testng.TestNG.run(TestNG.java:1101)
at org.testng.remote.AbstractRemoteTestNG.run(AbstractRemoteTestNG.java:115)
at org.testng.remote.RemoteTestNG.initAndRun(RemoteTestNG.java:293)
at org.testng.remote.RemoteTestNG.main(RemoteTestNG.java:91)
]]>
            </full-stacktrace>
          </exception> <!-- java.lang.ClassCastException -->
          <reporter-output>
          </reporter-output>
        </test-method> <!-- simpleTest -->
      </class> <!-- Demo.Demo1 -->
    </test> <!-- Default test -->
  </suite> <!-- Default suite -->
</testng-results>
